<?xml version="1.0" encoding="UTF-8"?>
<!-- Generated by org.testng.reporters.JUnitXMLReporter -->
<testsuite ignored="0" hostname="SOURABH" failures="1" tests="2" name="Test" time="15.566" errors="0" timestamp="2023-02-07T21:42:28 IST">
  <testcase classname="com.MyHMS.Testclasses.TC01Clickonhomepage" name="Login" time="6.349"/>
  <testcase classname="com.MyHMS.Testclasses.TC01Clickonhomepage" name="verifyLoginBytitle" time="1.332">
    <failure type="java.lang.AssertionError" message="expected [true] but found [false]">
      <![CDATA[java.lang.AssertionError: expected [true] but found [false]
at com.MyHMS.Testclasses.TC01Clickonhomepage.verifyLoginBytitle(TC01Clickonhomepage.java:40)
at java.base/java.util.ArrayList.forEach(ArrayList.java:1511)
... Removed 31 stack frames]]>
    </failure>
  </testcase> <!-- verifyLoginBytitle -->
</testsuite> <!-- Test -->
