<?xml version="1.0" encoding="UTF-8"?>
<!-- Generated by org.testng.reporters.JUnitXMLReporter -->
<testsuite ignored="0" hostname="SOURABH" failures="0" tests="3" name="Test" time="18.803" errors="0" timestamp="2023-02-09T21:56:07 IST">
  <testcase classname="com.MyHMS.Testclasses.TC02AdminPage2DDT" name="AclickHMS" time="0.883"/>
  <testcase classname="com.MyHMS.Testclasses.TC02AdminPage2DDT" name="clickonregis" time="4.801"/>
  <testcase classname="com.MyHMS.Testclasses.TC02AdminPage2DDT" name="clickonregis" time="2.349"/>
</testsuite> <!-- Test -->
