<?xml version="1.0" encoding="UTF-8"?>
<!-- Generated by org.testng.reporters.JUnitXMLReporter -->
<testsuite ignored="0" hostname="SOURABH" failures="0" tests="3" name="Test" time="14.565" errors="0" timestamp="2023-02-28T18:16:20 IST">
  <testcase classname="com.MyHMS.Testclasses.TC02AdminPage2DDT" name="AclickHMS" time="0.379"/>
  <testcase classname="com.MyHMS.Testclasses.TC02AdminPage2DDT" name="clickonregis" time="3.331"/>
  <testcase classname="com.MyHMS.Testclasses.TC02AdminPage2DDT" name="clickonregis" time="1.233"/>
</testsuite> <!-- Test -->
