<?xml version="1.0" encoding="UTF-8"?>
<testsuite xmlns:xsi="http://www.w3.org/2001/XMLSchema-instance" xsi:noNamespaceSchemaLocation="https://maven.apache.org/surefire/maven-surefire-plugin/xsd/surefire-test-report-3.0.xsd" version="3.0" name="TestSuite" time="15.304" tests="3" errors="0" skipped="0" failures="0">
  <properties>
[...]
</properties>
  <testcase name="AclickHMS" classname="com.MyHMS.Testclasses.TC02AdminPage2DDT" time="0.382">
    <system-out><![CDATA[[DEBUG] 2023-02-28 18:16:07.050 [main] InternalLoggerFactory - Using Log4J2 as the default logging framework
[DEBUG] 2023-02-28 18:16:07.056 [main] ResourceLeakDetector - -Dio.netty.leakDetection.level: simple
[DEBUG] 2023-02-28 18:16:07.057 [main] ResourceLeakDetector - -Dio.netty.leakDetection.targetRecords: 4
[DEBUG] 2023-02-28 18:16:07.061 [main] ResourceLeakDetectorFactory - Loaded default ResourceLeakDetector: io.netty.util.ResourceLeakDetector@7cab1508
[DEBUG] 2023-02-28 18:16:07.080 [main] PlatformDependent0 - -Dio.netty.noUnsafe: false
[DEBUG] 2023-02-28 18:16:07.080 [main] PlatformDependent0 - Java version: 17
[DEBUG] 2023-02-28 18:16:07.082 [main] PlatformDependent0 - sun.misc.Unsafe.theUnsafe: available
[DEBUG] 2023-02-28 18:16:07.083 [main] PlatformDependent0 - sun.misc.Unsafe.copyMemory: available
[DEBUG] 2023-02-28 18:16:07.084 [main] PlatformDependent0 - java.nio.Buffer.address: available
[DEBUG] 2023-02-28 18:16:07.084 [main] PlatformDependent0 - direct buffer constructor: unavailable: Reflective setAccessible(true) disabled
[DEBUG] 2023-02-28 18:16:07.084 [main] PlatformDependent0 - java.nio.Bits.unaligned: available, true
[DEBUG] 2023-02-28 18:16:07.085 [main] PlatformDependent0 - jdk.internal.misc.Unsafe.allocateUninitializedArray(int): unavailable: class io.netty.util.internal.PlatformDependent0$6 cannot access class jdk.internal.misc.Unsafe (in module java.base) because module java.base does not export jdk.internal.misc to unnamed module @6c130c45
[DEBUG] 2023-02-28 18:16:07.087 [main] PlatformDependent0 - java.nio.DirectByteBuffer.<init>(long, int): unavailable
[DEBUG] 2023-02-28 18:16:07.087 [main] PlatformDependent - sun.misc.Unsafe: available
[DEBUG] 2023-02-28 18:16:07.087 [main] PlatformDependent - maxDirectMemory: 2088763392 bytes (maybe)
[DEBUG] 2023-02-28 18:16:07.087 [main] PlatformDependent - -Dio.netty.tmpdir: C:\Users\LENOVO\AppData\Local\Temp (java.io.tmpdir)
[DEBUG] 2023-02-28 18:16:07.087 [main] PlatformDependent - -Dio.netty.bitMode: 64 (sun.arch.data.model)
[DEBUG] 2023-02-28 18:16:07.088 [main] PlatformDependent - Platform: Windows
[DEBUG] 2023-02-28 18:16:07.089 [main] PlatformDependent - -Dio.netty.maxDirectMemory: -1 bytes
[DEBUG] 2023-02-28 18:16:07.089 [main] PlatformDependent - -Dio.netty.uninitializedArrayAllocationThreshold: -1
[DEBUG] 2023-02-28 18:16:07.091 [main] CleanerJava9 - java.nio.ByteBuffer.cleaner(): available
[DEBUG] 2023-02-28 18:16:07.091 [main] PlatformDependent - -Dio.netty.noPreferDirect: false
[DEBUG] 2023-02-28 18:16:07.098 [main] PlatformDependent - org.jctools-core.MpscChunkedArrayQueue: available
[DEBUG] 2023-02-28 18:16:07.113 [main] InternalThreadLocalMap - -Dio.netty.threadLocalMap.stringBuilder.initialSize: 1024
[DEBUG] 2023-02-28 18:16:07.113 [main] InternalThreadLocalMap - -Dio.netty.threadLocalMap.stringBuilder.maxSize: 4096
[DEBUG] 2023-02-28 18:16:07.189 [main] JdkSslContext - Default protocols (JDK): [TLSv1.3, TLSv1.2] 
[DEBUG] 2023-02-28 18:16:07.189 [main] JdkSslContext - Default cipher suites (JDK): [TLS_ECDHE_ECDSA_WITH_AES_256_GCM_SHA384, TLS_ECDHE_ECDSA_WITH_AES_128_GCM_SHA256, TLS_ECDHE_RSA_WITH_AES_128_GCM_SHA256, TLS_ECDHE_RSA_WITH_AES_256_GCM_SHA384, TLS_ECDHE_RSA_WITH_AES_128_CBC_SHA, TLS_ECDHE_RSA_WITH_AES_256_CBC_SHA, TLS_RSA_WITH_AES_128_GCM_SHA256, TLS_RSA_WITH_AES_128_CBC_SHA, TLS_RSA_WITH_AES_256_CBC_SHA, TLS_AES_128_GCM_SHA256, TLS_AES_256_GCM_SHA384]
[DEBUG] 2023-02-28 18:16:07.218 [main] MultithreadEventLoopGroup - -Dio.netty.eventLoopThreads: 8
[DEBUG] 2023-02-28 18:16:07.227 [main] NioEventLoop - -Dio.netty.noKeySetOptimization: false
[DEBUG] 2023-02-28 18:16:07.227 [main] NioEventLoop - -Dio.netty.selectorAutoRebuildThreshold: 512
[DEBUG] 2023-02-28 18:16:07.272 [main] PooledByteBufAllocator - -Dio.netty.allocator.numHeapArenas: 8
[DEBUG] 2023-02-28 18:16:07.272 [main] PooledByteBufAllocator - -Dio.netty.allocator.numDirectArenas: 8
[DEBUG] 2023-02-28 18:16:07.273 [main] PooledByteBufAllocator - -Dio.netty.allocator.pageSize: 8192
[DEBUG] 2023-02-28 18:16:07.273 [main] PooledByteBufAllocator - -Dio.netty.allocator.maxOrder: 11
[DEBUG] 2023-02-28 18:16:07.273 [main] PooledByteBufAllocator - -Dio.netty.allocator.chunkSize: 16777216
[DEBUG] 2023-02-28 18:16:07.273 [main] PooledByteBufAllocator - -Dio.netty.allocator.smallCacheSize: 256
[DEBUG] 2023-02-28 18:16:07.273 [main] PooledByteBufAllocator - -Dio.netty.allocator.normalCacheSize: 64
[DEBUG] 2023-02-28 18:16:07.273 [main] PooledByteBufAllocator - -Dio.netty.allocator.maxCachedBufferCapacity: 32768
[DEBUG] 2023-02-28 18:16:07.273 [main] PooledByteBufAllocator - -Dio.netty.allocator.cacheTrimInterval: 8192
[DEBUG] 2023-02-28 18:16:07.273 [main] PooledByteBufAllocator - -Dio.netty.allocator.cacheTrimIntervalMillis: 0
[DEBUG] 2023-02-28 18:16:07.275 [main] PooledByteBufAllocator - -Dio.netty.allocator.useCacheForAllThreads: true
[DEBUG] 2023-02-28 18:16:07.275 [main] PooledByteBufAllocator - -Dio.netty.allocator.maxCachedByteBuffersPerChunk: 1023
[DEBUG] 2023-02-28 18:16:07.293 [main] ByteBufUtil - -Dio.netty.allocator.type: pooled
[DEBUG] 2023-02-28 18:16:07.294 [main] ByteBufUtil - -Dio.netty.threadLocalDirectBufferSize: 0
[DEBUG] 2023-02-28 18:16:07.294 [main] ByteBufUtil - -Dio.netty.maxThreadLocalCharBufferSize: 16384
[DEBUG] 2023-02-28 18:16:07.884 [Forwarding newSession on session null to remote] DefaultChannelId - -Dio.netty.processId: 3248 (auto-detected)
[DEBUG] 2023-02-28 18:16:07.887 [Forwarding newSession on session null to remote] NetUtil - -Djava.net.preferIPv4Stack: false
[DEBUG] 2023-02-28 18:16:07.888 [Forwarding newSession on session null to remote] NetUtil - -Djava.net.preferIPv6Addresses: false
[DEBUG] 2023-02-28 18:16:07.902 [Forwarding newSession on session null to remote] NetUtilInitializations - Loopback interface: lo (Software Loopback Interface 1, 127.0.0.1)
[DEBUG] 2023-02-28 18:16:07.903 [Forwarding newSession on session null to remote] NetUtil - Failed to get SOMAXCONN from sysctl and file \proc\sys\net\core\somaxconn. Default: 200
[DEBUG] 2023-02-28 18:16:07.941 [Forwarding newSession on session null to remote] DefaultChannelId - -Dio.netty.machineId: ac:12:03:ff:fe:b7:18:c6 (auto-detected)
[DEBUG] 2023-02-28 18:16:08.015 [AsyncHttpClient-1-2] AbstractByteBuf - -Dio.netty.buffer.checkAccessible: true
[DEBUG] 2023-02-28 18:16:08.015 [AsyncHttpClient-1-2] AbstractByteBuf - -Dio.netty.buffer.checkBounds: true
[DEBUG] 2023-02-28 18:16:08.016 [AsyncHttpClient-1-2] ResourceLeakDetectorFactory - Loaded default ResourceLeakDetector: io.netty.util.ResourceLeakDetector@75949257
[DEBUG] 2023-02-28 18:16:08.043 [AsyncHttpClient-1-2] Recycler - -Dio.netty.recycler.maxCapacityPerThread: 4096
[DEBUG] 2023-02-28 18:16:08.043 [AsyncHttpClient-1-2] Recycler - -Dio.netty.recycler.ratio: 8
[DEBUG] 2023-02-28 18:16:08.043 [AsyncHttpClient-1-2] Recycler - -Dio.netty.recycler.chunkSize: 32
[DEBUG] 2023-02-28 18:16:08.043 [AsyncHttpClient-1-2] Recycler - -Dio.netty.recycler.blocking: false
[DEBUG] 2023-02-28 18:16:09.275 [AsyncHttpClient-1-2] Brotli - brotli4j not in the classpath; Brotli support will be unavailable.
[DEBUG] 2023-02-28 18:16:09.560 [main] ThreadLocalRandom - -Dio.netty.initialSeedUniquifier: 0xb7260bedbc41b905
[INFO ] 2023-02-28 18:16:13.286 [main] Myhms - URL OPENED
[INFO ] 2023-02-28 18:16:13.862 [main] Myhms - Clicked on HMS
]]></system-out>
    <system-err><![CDATA[SLF4J: Failed to load class "org.slf4j.impl.StaticLoggerBinder".
SLF4J: Defaulting to no-operation (NOP) logger implementation
SLF4J: See http://www.slf4j.org/codes.html#StaticLoggerBinder for further details.
Starting ChromeDriver 110.0.5481.77 (65ed616c6e8ee3fe0ad64fe83796c020644d42af-refs/branch-heads/5481@{#839}) on port 51847
Only local connections are allowed.
Please see https://chromedriver.chromium.org/security-considerations for suggestions on keeping ChromeDriver safe.
ChromeDriver was started successfully.
[1677588369.034][WARNING]: virtual void DevToolsClientImpl::AddListener(DevToolsEventListener *) subscribing a listener to the already connected DevToolsClient. Connection notification will not arrive.
Feb 28, 2023 6:16:09 PM org.openqa.selenium.remote.ProtocolHandshake createSession
INFO: Detected dialect: W3C
Feb 28, 2023 6:16:09 PM org.openqa.selenium.devtools.CdpVersionFinder findNearestMatch
WARNING: Unable to find an exact match for CDP version 110, so returning the closest version found: a no-op implementation
Feb 28, 2023 6:16:09 PM org.openqa.selenium.devtools.CdpVersionFinder findNearestMatch
INFO: Unable to find CDP implementation matching 110.
Feb 28, 2023 6:16:09 PM org.openqa.selenium.chromium.ChromiumDriver lambda$new$3
WARNING: Unable to find version of CDP to use for . You may need to include a dependency on a specific version of the CDP using something similar to `org.seleniumhq.selenium:selenium-devtools-v86:4.1.2` where the version ("v86") matches the version of the chromium-based browser you're using and the version number of the artifact is the same as Selenium's.
]]></system-err>
  </testcase>
  <testcase name="clickonregis[admin, admin](1)" classname="com.MyHMS.Testclasses.TC02AdminPage2DDT" time="3.319">
    <system-out><![CDATA[[INFO ] 2023-02-28 18:16:15.405 [main] Myhms - USER NAME ENTERED
[INFO ] 2023-02-28 18:16:15.467 [main] Myhms - PASSWORD ENTERED
[INFO ] 2023-02-28 18:16:17.964 [main] Myhms - CLICKED ON LOGIN
[INFO ] 2023-02-28 18:16:18.302 [main] Myhms - CLICKED ON REGISTRATION
[INFO ] 2023-02-28 18:16:18.315 [main] Myhms - VERIFY registration PAGE TITLE
[INFO ] 2023-02-28 18:16:18.626 [main] Myhms - CLICKED ON logout
]]></system-out>
  </testcase>
  <testcase name="clickonregis[mahesh, mahesh](2)" classname="com.MyHMS.Testclasses.TC02AdminPage2DDT" time="1.233">
    <system-out><![CDATA[[INFO ] 2023-02-28 18:16:18.713 [main] Myhms - USER NAME ENTERED
[INFO ] 2023-02-28 18:16:18.809 [main] Myhms - PASSWORD ENTERED
[INFO ] 2023-02-28 18:16:19.273 [main] Myhms - CLICKED ON LOGIN
[INFO ] 2023-02-28 18:16:19.560 [main] Myhms - CLICKED ON REGISTRATION
[INFO ] 2023-02-28 18:16:19.572 [main] Myhms - VERIFY registration PAGE TITLE
[INFO ] 2023-02-28 18:16:19.862 [main] Myhms - CLICKED ON logout
]]></system-out>
  </testcase>
</testsuite>