<?xml version="1.0" encoding="UTF-8"?>
<testng-results ignored="0" total="3" passed="3" failed="0" skipped="0">
  <reporter-output>
  </reporter-output>
  <suite started-at="2023-02-28T18:16:05 IST" name="Suite" finished-at="2023-02-28T18:16:20 IST" duration-ms="14565">
    <groups>
    </groups>
    <test started-at="2023-02-28T18:16:05 IST" name="Test" finished-at="2023-02-28T18:16:20 IST" duration-ms="14565">
      <class name="com.MyHMS.Testclasses.TC02AdminPage2DDT">
        <test-method is-config="true" signature="setup()[pri:0, instance:com.MyHMS.Testclasses.TC02AdminPage2DDT@2a7f1f10]" started-at="2023-02-28T18:16:05 IST" name="setup" finished-at="2023-02-28T18:16:13 IST" duration-ms="7650" status="PASS">
          <reporter-output>
          </reporter-output>
        </test-method> <!-- setup -->
        <test-method signature="AclickHMS()[pri:0, instance:com.MyHMS.Testclasses.TC02AdminPage2DDT@2a7f1f10]" started-at="2023-02-28T18:16:13 IST" name="AclickHMS" finished-at="2023-02-28T18:16:13 IST" duration-ms="379" status="PASS">
          <reporter-output>
          </reporter-output>
        </test-method> <!-- AclickHMS -->
        <test-method signature="clickonregis(java.lang.String,java.lang.String)[pri:0, instance:com.MyHMS.Testclasses.TC02AdminPage2DDT@2a7f1f10]" started-at="2023-02-28T18:16:15 IST" name="clickonregis" data-provider="LoginDataprovider" finished-at="2023-02-28T18:16:18 IST" duration-ms="3331" status="PASS">
          <params>
            <param index="0">
              <value>
                <![CDATA[admin]]>
              </value>
            </param>
            <param index="1">
              <value>
                <![CDATA[admin]]>
              </value>
            </param>
          </params>
          <reporter-output>
          </reporter-output>
        </test-method> <!-- clickonregis -->
        <test-method signature="clickonregis(java.lang.String,java.lang.String)[pri:0, instance:com.MyHMS.Testclasses.TC02AdminPage2DDT@2a7f1f10]" started-at="2023-02-28T18:16:18 IST" name="clickonregis" data-provider="LoginDataprovider" finished-at="2023-02-28T18:16:19 IST" duration-ms="1233" status="PASS">
          <params>
            <param index="0">
              <value>
                <![CDATA[mahesh]]>
              </value>
            </param>
            <param index="1">
              <value>
                <![CDATA[mahesh]]>
              </value>
            </param>
          </params>
          <reporter-output>
          </reporter-output>
        </test-method> <!-- clickonregis -->
        <test-method is-config="true" signature="teardown()[pri:0, instance:com.MyHMS.Testclasses.TC02AdminPage2DDT@2a7f1f10]" started-at="2023-02-28T18:16:19 IST" name="teardown" finished-at="2023-02-28T18:16:20 IST" duration-ms="477" status="PASS">
          <reporter-output>
          </reporter-output>
        </test-method> <!-- teardown -->
      </class> <!-- com.MyHMS.Testclasses.TC02AdminPage2DDT -->
    </test> <!-- Test -->
  </suite> <!-- Suite -->
</testng-results>
