<?xml version="1.0" encoding="UTF-8"?>
<testng-results ignored="0" total="2" passed="2" failed="0" skipped="0">
  <reporter-output>
  </reporter-output>
  <suite started-at="2023-02-01T11:20:55 IST" name="Default suite" finished-at="2023-02-01T11:21:03 IST" duration-ms="8515">
    <groups>
    </groups>
    <test started-at="2023-02-01T11:20:55 IST" name="Default test" finished-at="2023-02-01T11:21:03 IST" duration-ms="8515">
      <class name="com.MyHMS.Testclasses.TC01Clickonhomepage">
        <test-method is-config="true" signature="setup()[pri:0, instance:com.MyHMS.Testclasses.TC01Clickonhomepage@48aca48b]" started-at="2023-02-01T11:20:55 IST" name="setup" finished-at="2023-02-01T11:20:58 IST" duration-ms="3490" status="PASS">
          <reporter-output>
          </reporter-output>
        </test-method> <!-- setup -->
        <test-method signature="clickonhome()[pri:0, instance:com.MyHMS.Testclasses.TC01Clickonhomepage@48aca48b]" started-at="2023-02-01T11:20:58 IST" name="clickonhome" finished-at="2023-02-01T11:21:03 IST" duration-ms="4752" status="PASS">
          <reporter-output>
          </reporter-output>
        </test-method> <!-- clickonhome -->
        <test-method signature="verifyLoginByURL()[pri:0, instance:com.MyHMS.Testclasses.TC01Clickonhomepage@48aca48b]" started-at="2023-02-01T11:21:03 IST" name="verifyLoginByURL" finished-at="2023-02-01T11:21:03 IST" duration-ms="24" status="PASS">
          <reporter-output>
          </reporter-output>
        </test-method> <!-- verifyLoginByURL -->
        <test-method is-config="true" signature="teardown()[pri:0, instance:com.MyHMS.Testclasses.TC01Clickonhomepage@48aca48b]" started-at="2023-02-01T11:21:03 IST" name="teardown" finished-at="2023-02-01T11:21:03 IST" duration-ms="209" status="PASS">
          <reporter-output>
          </reporter-output>
        </test-method> <!-- teardown -->
      </class> <!-- com.MyHMS.Testclasses.TC01Clickonhomepage -->
    </test> <!-- Default test -->
  </suite> <!-- Default suite -->
</testng-results>
